[debug] [2024-08-24T05:31:40.648Z] ----------------------------------------------------------------------
[debug] [2024-08-24T05:31:40.654Z] Command:       C:\Program Files\nodejs\node.exe C:\Users\FSJ\AppData\Roaming\npm\node_modules\firebase-tools\lib\bin\firebase.js init
[debug] [2024-08-24T05:31:40.656Z] CLI Version:   13.15.4
[debug] [2024-08-24T05:31:40.657Z] Platform:      win32
[debug] [2024-08-24T05:31:40.657Z] Node Version:  v18.20.4
[debug] [2024-08-24T05:31:40.684Z] Time:          Fri Aug 23 2024 22:31:40 GMT-0700 (Pacific Daylight Time)
[debug] [2024-08-24T05:31:40.684Z] ----------------------------------------------------------------------
[debug] 
[debug] [2024-08-24T05:31:40.831Z] > command requires scopes: ["email","openid","https://www.googleapis.com/auth/cloudplatformprojects.readonly","https://www.googleapis.com/auth/firebase","https://www.googleapis.com/auth/cloud-platform"]
[debug] [2024-08-24T05:31:40.832Z] > authorizing via signed-in user (gmethwani365@gmail.com)
[info] 
     ######## #### ########  ######## ########     ###     ######  ########
     ##        ##  ##     ## ##       ##     ##  ##   ##  ##       ##
     ######    ##  ########  ######   ########  #########  ######  ######
     ##        ##  ##    ##  ##       ##     ## ##     ##       ## ##
     ##       #### ##     ## ######## ########  ##     ##  ######  ########

You're about to initialize a Firebase project in this directory:

  C:\Users\FSJ\Desktop\blogs

Before we get started, keep in mind:

  * You are initializing within an existing Firebase project directory

[info] 
=== Project Setup
[info] 
[info] First, let's associate this project directory with a Firebase project.
[info] You can create multiple project aliases by running firebase use --add, 
[info] but for now we'll just set up a default project.
[info] 
[debug] [2024-08-24T05:31:58.438Z] Using project from CLI flag: tech-f6e21
[debug] [2024-08-24T05:31:58.441Z] > refreshing access token with scopes: []
[debug] [2024-08-24T05:31:58.445Z] >>> [apiv2][query] POST https://www.googleapis.com/oauth2/v3/token [none]
[debug] [2024-08-24T05:31:58.445Z] >>> [apiv2][body] POST https://www.googleapis.com/oauth2/v3/token [omitted]
[debug] [2024-08-24T05:31:58.987Z] <<< [apiv2][status] POST https://www.googleapis.com/oauth2/v3/token 200
[debug] [2024-08-24T05:31:58.987Z] <<< [apiv2][body] POST https://www.googleapis.com/oauth2/v3/token [omitted]
[debug] [2024-08-24T05:31:59.001Z] >>> [apiv2][query] GET https://firebase.googleapis.com/v1beta1/projects/tech-f6e21 [none]
[debug] [2024-08-24T05:31:59.645Z] <<< [apiv2][status] GET https://firebase.googleapis.com/v1beta1/projects/tech-f6e21 200
[debug] [2024-08-24T05:31:59.646Z] <<< [apiv2][body] GET https://firebase.googleapis.com/v1beta1/projects/tech-f6e21 {"projectId":"tech-f6e21","projectNumber":"834464642348","displayName":"tech","name":"projects/tech-f6e21","resources":{"hostingSite":"tech-f6e21"},"state":"ACTIVE","etag":"1_aae267b1-1eb5-420a-9a4b-1e5b9c6ecafa"}
[info] i  Using project tech-f6e21 (tech) 
[info] 
=== Hosting Setup
[debug] [2024-08-24T05:31:59.666Z] >>> [apiv2][query] GET https://firebase.googleapis.com/v1beta1/projects/tech-f6e21 [none]
[debug] [2024-08-24T05:32:00.301Z] <<< [apiv2][status] GET https://firebase.googleapis.com/v1beta1/projects/tech-f6e21 200
[debug] [2024-08-24T05:32:00.302Z] <<< [apiv2][body] GET https://firebase.googleapis.com/v1beta1/projects/tech-f6e21 {"projectId":"tech-f6e21","projectNumber":"834464642348","displayName":"tech","name":"projects/tech-f6e21","resources":{"hostingSite":"tech-f6e21"},"state":"ACTIVE","etag":"1_aae267b1-1eb5-420a-9a4b-1e5b9c6ecafa"}
[info] 
[info] Your public directory is the folder (relative to your project directory) that
[info] will contain Hosting assets to be uploaded with firebase deploy. If you
[info] have a build process for your assets, use your build's output directory.
[info] 
[debug] [2024-08-24T05:32:32.072Z] >>> [apiv2][query] GET https://www.gstatic.com/firebasejs/releases.json [none]
[debug] [2024-08-24T05:32:32.406Z] <<< [apiv2][status] GET https://www.gstatic.com/firebasejs/releases.json 200
[debug] [2024-08-24T05:32:32.408Z] <<< [apiv2][body] GET https://www.gstatic.com/firebasejs/releases.json {"current":{"version":"10.13.0","browserURL":"https://www.gstatic.com/firebasejs/10.13.0/firebase.js","packageURL":"https://www.gstatic.com/firebasejs/10.13.0/firebase.tgz"},"live":{"version":"10.13","browserURL":"https://www.gstatic.com/firebasejs/live/10.13/firebase.js","packageURL":"https://www.gstatic.com/firebasejs/live/10.13/firebase.tgz"},"components":{"analytics":"https://www.gstatic.com/firebasejs/10.13.0/firebase-analytics.js","app":"https://www.gstatic.com/firebasejs/10.13.0/firebase-app.js","app-check":"https://www.gstatic.com/firebasejs/10.13.0/firebase-app-check.js","auth":"https://www.gstatic.com/firebasejs/10.13.0/firebase-auth.js","auth/cordova":"https://www.gstatic.com/firebasejs/10.13.0/firebase-auth/cordova.js","auth/web-extension":"https://www.gstatic.com/firebasejs/10.13.0/firebase-auth/web-extension.js","functions":"https://www.gstatic.com/firebasejs/10.13.0/firebase-functions.js","firestore":"https://www.gstatic.com/firebasejs/10.13.0/firebase-firestore.js","firestore/lite":"https://www.gstatic.com/firebasejs/10.13.0/firebase-firestore/lite.js","installations":"https://www.gstatic.com/firebasejs/10.13.0/firebase-installations.js","storage":"https://www.gstatic.com/firebasejs/10.13.0/firebase-storage.js","performance":"https://www.gstatic.com/firebasejs/10.13.0/firebase-performance.js","remote-config":"https://www.gstatic.com/firebasejs/10.13.0/firebase-remote-config.js","messaging":"https://www.gstatic.com/firebasejs/10.13.0/firebase-messaging.js","messaging/sw":"https://www.gstatic.com/firebasejs/10.13.0/firebase-messaging/sw.js","database":"https://www.gstatic.com/firebasejs/10.13.0/firebase-database.js","vertexai-preview":"https://www.gstatic.com/firebasejs/10.13.0/firebase-vertexai-preview.js","firestore.memory":"https://www.gstatic.com/firebasejs/10.13.0/firebase-firestore.memory.js"}}
[info] i  Skipping write of public/index.html 
[info] 
[info] i  Didn't detect a .git folder. Assuming C:\Users\FSJ\Desktop\blogs is the project root. 
[info] i  Authorizing with GitHub to upload your service account to a GitHub repository's secrets store. 
[info] 
[info] Visit this URL on this device to log in:
[info] https://github.com/login/oauth/authorize?client_id=89cf50f02ac6aaed3484&state=711278800&redirect_uri=http%3A%2F%2Flocalhost%3A9005&scope=read%3Auser%20repo%20public_repo
[info] 
[info] Waiting for authentication...
[debug] [2024-08-24T05:33:00.489Z] >>> [apiv2][query] POST https://github.com/login/oauth/access_token [none]
[debug] [2024-08-24T05:33:00.489Z] >>> [apiv2][body] POST https://github.com/login/oauth/access_token [stream]
[debug] [2024-08-24T05:33:01.026Z] <<< [apiv2][status] POST https://github.com/login/oauth/access_token 200
[debug] [2024-08-24T05:33:01.027Z] <<< [apiv2][body] POST https://github.com/login/oauth/access_token {"access_token":"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","token_type":"bearer","scope":"read:user,repo"}
[debug] [2024-08-24T05:33:01.079Z] >>> [apiv2][query] GET https://api.github.com/user [none]
[debug] [2024-08-24T05:33:01.585Z] <<< [apiv2][status] GET https://api.github.com/user 200
[debug] [2024-08-24T05:33:01.586Z] <<< [apiv2][body] GET https://api.github.com/user {"login":"GauravMethwani","id":137370388,"node_id":"U_kgDOCDAbFA","avatar_url":"https://avatars.githubusercontent.com/u/137370388?v=4","gravatar_id":"","url":"https://api.github.com/users/GauravMethwani","html_url":"https://github.com/GauravMethwani","followers_url":"https://api.github.com/users/GauravMethwani/followers","following_url":"https://api.github.com/users/GauravMethwani/following{/other_user}","gists_url":"https://api.github.com/users/GauravMethwani/gists{/gist_id}","starred_url":"https://api.github.com/users/GauravMethwani/starred{/owner}{/repo}","subscriptions_url":"https://api.github.com/users/GauravMethwani/subscriptions","organizations_url":"https://api.github.com/users/GauravMethwani/orgs","repos_url":"https://api.github.com/users/GauravMethwani/repos","events_url":"https://api.github.com/users/GauravMethwani/events{/privacy}","received_events_url":"https://api.github.com/users/GauravMethwani/received_events","type":"User","site_admin":false,"name":null,"company":null,"blog":"","location":null,"email":null,"hireable":null,"bio":null,"twitter_username":null,"notification_email":null,"public_repos":16,"public_gists":0,"followers":1,"following":4,"created_at":"2023-06-22T03:46:21Z","updated_at":"2024-08-23T15:28:35Z","private_gists":0,"total_private_repos":4,"owned_private_repos":3,"disk_usage":7509,"collaborators":0,"two_factor_authentication":false,"plan":{"name":"free","space":976562499,"collaborators":0,"private_repos":10000}}
[info] 
[info] +  Success! Logged into GitHub as GauravMethwani 
[info] 
[debug] [2024-08-24T05:33:18.785Z] >>> [apiv2][query] GET https://api.github.com/repos//actions/secrets/public-key type=owner
[debug] [2024-08-24T05:33:19.313Z] <<< [apiv2][status] GET https://api.github.com/repos//actions/secrets/public-key 404
[debug] [2024-08-24T05:33:19.314Z] <<< [apiv2][body] GET https://api.github.com/repos//actions/secrets/public-key {"message":"Not Found","documentation_url":"https://docs.github.com/rest","status":"404"}
[info] 
[info] 
[error] !  The provided authorization cannot be used with this repository. If this repository is in an organization, did you remember to grant access? 
[info] 
[info] i  Action required: Visit this URL to ensure access has been granted to the appropriate organization(s) for the Firebase CLI GitHub OAuth App: 
[info] https://github.com/settings/connections/applications/89cf50f02ac6aaed3484
[info] 
[debug] [2024-08-24T05:33:39.401Z] >>> [apiv2][query] GET https://api.github.com/repos//actions/secrets/public-key type=owner
[debug] [2024-08-24T05:33:39.907Z] <<< [apiv2][status] GET https://api.github.com/repos//actions/secrets/public-key 404
[debug] [2024-08-24T05:33:39.908Z] <<< [apiv2][body] GET https://api.github.com/repos//actions/secrets/public-key {"message":"Not Found","documentation_url":"https://docs.github.com/rest","status":"404"}
[info] 
[info] 
[error] !  The provided authorization cannot be used with this repository. If this repository is in an organization, did you remember to grant access? 
[info] 
[info] i  Action required: Visit this URL to ensure access has been granted to the appropriate organization(s) for the Firebase CLI GitHub OAuth App: 
[info] https://github.com/settings/connections/applications/89cf50f02ac6aaed3484
[info] 
[debug] [2024-08-24T05:33:40.365Z] >>> [apiv2][query] GET https://api.github.com/repos//actions/secrets/public-key type=owner
[debug] [2024-08-24T05:33:40.833Z] <<< [apiv2][status] GET https://api.github.com/repos//actions/secrets/public-key 404
[debug] [2024-08-24T05:33:40.833Z] <<< [apiv2][body] GET https://api.github.com/repos//actions/secrets/public-key {"message":"Not Found","documentation_url":"https://docs.github.com/rest","status":"404"}
[info] 
[info] 
[error] !  The provided authorization cannot be used with this repository. If this repository is in an organization, did you remember to grant access? 
[info] 
[info] i  Action required: Visit this URL to ensure access has been granted to the appropriate organization(s) for the Firebase CLI GitHub OAuth App: 
[info] https://github.com/settings/connections/applications/89cf50f02ac6aaed3484
[info] 
